<?xml version="1.0" encoding="UTF-8"?>
<!-- Generated by org.testng.reporters.JUnitReportReporter -->
<testsuite hostname="del1-lhp-n70366" failures="0" tests="8" name="com.favourite.api.restAssured.FavouriteControllerTest" time="0.797" errors="0" timestamp="2021-02-24T21:27:03 IST" skipped="0">
  <testcase classname="com.favourite.api.restAssured.FavouriteControllerTest" name="addFavouriteCitiesSuccessTest" time="0.490"/>
  <system-out/>
  <testcase classname="com.favourite.api.restAssured.FavouriteControllerTest" name="addFavouriteCitiesWithoutTokenFailureTest" time="0.034"/>
  <system-out/>
  <testcase classname="com.favourite.api.restAssured.FavouriteControllerTest" name="getAllCitiesByUserSuccessTest" time="0.084"/>
  <system-out/>
  <testcase classname="com.favourite.api.restAssured.FavouriteControllerTest" name="getAllCitiesByUserWithoutTokenFailureTest" time="0.029"/>
  <system-out/>
  <testcase classname="com.favourite.api.restAssured.FavouriteControllerTest" name="removeFavouriteCitiesSuccessTest" time="0.064"/>
  <system-out/>
  <testcase classname="com.favourite.api.restAssured.FavouriteControllerTest" name="removeAllFavoriteCitiesByUserWithoutTokenFailureTest" time="0.021"/>
  <system-out/>
  <testcase classname="com.favourite.api.restAssured.FavouriteControllerTest" name="removeAllFavoriteCitiesByUserSuccessTest" time="0.044"/>
  <system-out/>
  <testcase classname="com.favourite.api.restAssured.FavouriteControllerTest" name="getAllCitiesByUserFailureTest" time="0.031"/>
  <system-out/>
</testsuite> <!-- com.favourite.api.restAssured.FavouriteControllerTest -->
