<?xml version="1.0" encoding="UTF-8"?>
<!-- Generated by org.testng.reporters.JUnitReportReporter -->
<testsuite hostname="del1-lhp-n70391" failures="0" tests="8" name="com.user.api.restAssuredTest.UserControllerTest" time="2.251" errors="0" timestamp="2021-03-07T23:44:09 IST" skipped="0">
  <testcase classname="com.user.api.restAssuredTest.UserControllerTest" name="createUserSuccessTest" time="1.832"/>
  <system-out/>
  <testcase classname="com.user.api.restAssuredTest.UserControllerTest" name="createDuplicateUserFailureTest" time="0.043"/>
  <system-out/>
  <testcase classname="com.user.api.restAssuredTest.UserControllerTest" name="updateUserSuccessTest" time="0.148"/>
  <system-out/>
  <testcase classname="com.user.api.restAssuredTest.UserControllerTest" name="updateUserWithoutTokenFailureTest" time="0.031"/>
  <system-out/>
  <testcase classname="com.user.api.restAssuredTest.UserControllerTest" name="getUserDetailsSuccessTest" time="0.107"/>
  <system-out/>
  <testcase classname="com.user.api.restAssuredTest.UserControllerTest" name="getUserDetailsWithoutTokenFailureTest" time="0.022"/>
  <system-out/>
  <testcase classname="com.user.api.restAssuredTest.UserControllerTest" name="deleteUserWithoutTokenFailureTest" time="0.023"/>
  <system-out/>
  <testcase classname="com.user.api.restAssuredTest.UserControllerTest" name="deleteUserSuccessTest" time="0.045"/>
  <system-out/>
</testsuite> <!-- com.user.api.restAssuredTest.UserControllerTest -->
