<?xml version="1.0" encoding="UTF-8"?>
<!-- Generated by org.testng.reporters.JUnitReportReporter -->
<testsuite hostname="del1-lhp-n70391" failures="0" tests="5" name="com.user.api.restAssuredTest.UserAuthenticationControllerTest" time="2.312" errors="0" timestamp="2021-03-07T23:43:59 IST" skipped="0">
  <testcase classname="com.user.api.restAssuredTest.UserAuthenticationControllerTest" name="loginWithoutUserExistingFailureTest" time="1.903"/>
  <system-out/>
  <testcase classname="com.user.api.restAssuredTest.UserAuthenticationControllerTest" name="loginWithInvalidCredentialsFailureTest" time="0.179"/>
  <system-out/>
  <testcase classname="com.user.api.restAssuredTest.UserAuthenticationControllerTest" name="loginWithValidCredentialsSuccessTest" time="0.121"/>
  <system-out/>
  <testcase classname="com.user.api.restAssuredTest.UserAuthenticationControllerTest" name="logoutWithoutTokenFailureTest" time="0.046"/>
  <system-out/>
  <testcase classname="com.user.api.restAssuredTest.UserAuthenticationControllerTest" name="logoutSuccessTest" time="0.063"/>
  <system-out/>
</testsuite> <!-- com.user.api.restAssuredTest.UserAuthenticationControllerTest -->
