<?xml version="1.0" encoding="UTF-8"?>
<!-- Generated by org.testng.reporters.JUnitReportReporter -->
<testsuite hostname="del1-lhp-n70366" failures="0" tests="4" name="com.api.restAssuredTest.ApiConsumerControllerTest" time="3.443" errors="0" timestamp="2021-02-24T15:46:18 IST" skipped="0">
  <testcase classname="com.api.restAssuredTest.ApiConsumerControllerTest" name="getWeatherByCityNameSuccessTest" time="0.265"/>
  <system-out/>
  <testcase classname="com.api.restAssuredTest.ApiConsumerControllerTest" name="getWeatherByCityWithoutTokenFailureTest" time="0.014"/>
  <system-out/>
  <testcase classname="com.api.restAssuredTest.ApiConsumerControllerTest" name="getWeatherForDashBoardSuccessTest" time="3.149"/>
  <system-out/>
  <testcase classname="com.api.restAssuredTest.ApiConsumerControllerTest" name="getWeatherForDashBoardWithoutTokenFailiureTest" time="0.015"/>
  <system-out/>
</testsuite> <!-- com.api.restAssuredTest.ApiConsumerControllerTest -->
